<?xml version="1.0" encoding="UTF-8"?>
<testsuite xmlns:xsi="http://www.w3.org/2001/XMLSchema-instance" xsi:noNamespaceSchemaLocation="https://maven.apache.org/surefire/maven-surefire-plugin/xsd/surefire-test-report.xsd" name="com.hu.microserviceuser.domain.service.UserServiceTest" time="0.109" tests="3" errors="0" skipped="0" failures="0">
  <properties>
[...]
</properties>
  <testcase name="shouldDelete" classname="com.hu.microserviceuser.domain.service.UserServiceTest" time="0.097"/>
  <testcase name="shouldReturnOneUser" classname="com.hu.microserviceuser.domain.service.UserServiceTest" time="0.006"/>
  <testcase name="shouldReturnAllUsers" classname="com.hu.microserviceuser.domain.service.UserServiceTest" time="0.004"/>
</testsuite>